<?xml version="1.0" encoding="UTF-8"?>
<testng-results ignored="0" total="2" passed="2" failed="0" skipped="0">
  <reporter-output>
    <line>
      <![CDATA[ anil kumar ]]>
    </line>
    <line>
      <![CDATA[ tc1 for jenkins ]]>
    </line>
    <line>
      <![CDATA[ tc2 for jenkins ]]>
    </line>
  </reporter-output>
  <suite started-at="2024-01-09T12:19:32 IST" name="Surefire suite" finished-at="2024-01-09T12:19:32 IST" duration-ms="59">
    <groups>
    </groups>
    <test started-at="2024-01-09T12:19:32 IST" name="Surefire test" finished-at="2024-01-09T12:19:32 IST" duration-ms="59">
      <class name="gitdemoclass.TC1Test">
        <test-method signature="tc1()[pri:0, instance:gitdemoclass.TC1Test@29e495ff]" started-at="2024-01-09T12:19:32 IST" name="tc1" finished-at="2024-01-09T12:19:32 IST" duration-ms="5" status="PASS">
          <reporter-output>
            <line>
              <![CDATA[ anil kumar ]]>
            </line>
          </reporter-output>
        </test-method> <!-- tc1 -->
      </class> <!-- gitdemoclass.TC1Test -->
      <class name="gitdemoclass.TC3Test">
        <test-method signature="tc3()[pri:0, instance:gitdemoclass.TC3Test@1613674b]" started-at="2024-01-09T12:19:32 IST" name="tc3" finished-at="2024-01-09T12:19:32 IST" duration-ms="1" status="PASS">
          <reporter-output>
            <line>
              <![CDATA[ tc1 for jenkins ]]>
            </line>
            <line>
              <![CDATA[ tc2 for jenkins ]]>
            </line>
          </reporter-output>
        </test-method> <!-- tc3 -->
      </class> <!-- gitdemoclass.TC3Test -->
    </test> <!-- Surefire test -->
  </suite> <!-- Surefire suite -->
</testng-results>
