<?xml version="1.0" encoding="UTF-8"?>
<testng-results ignored="0" total="3" passed="3" failed="0" skipped="0">
  <reporter-output>
    <line>
      <![CDATA[ anil kumar tc2 ]]>
    </line>
    <line>
      <![CDATA[ anil kumar ]]>
    </line>
    <line>
      <![CDATA[ tc1 for jenkins ]]>
    </line>
    <line>
      <![CDATA[ tc2 for jenkins ]]>
    </line>
  </reporter-output>
  <suite started-at="2024-01-09T12:07:15 IST" name="Suite" finished-at="2024-01-09T12:07:15 IST" duration-ms="71">
    <groups>
    </groups>
    <test started-at="2024-01-09T12:07:15 IST" name="Test" finished-at="2024-01-09T12:07:15 IST" duration-ms="71">
      <class name="gitdemoclass.TC1Test">
        <test-method signature="tc1()[pri:0, instance:gitdemoclass.TC1Test@52719fb6]" started-at="2024-01-09T12:07:15 IST" name="tc1" finished-at="2024-01-09T12:07:15 IST" duration-ms="2" status="PASS">
          <reporter-output>
            <line>
              <![CDATA[ anil kumar ]]>
            </line>
          </reporter-output>
        </test-method> <!-- tc1 -->
      </class> <!-- gitdemoclass.TC1Test -->
      <class name="gitdemoclass.TC2">
        <test-method signature="tc2()[pri:0, instance:gitdemoclass.TC2@771a660]" started-at="2024-01-09T12:07:15 IST" name="tc2" finished-at="2024-01-09T12:07:15 IST" duration-ms="11" status="PASS">
          <reporter-output>
            <line>
              <![CDATA[ anil kumar tc2 ]]>
            </line>
          </reporter-output>
        </test-method> <!-- tc2 -->
      </class> <!-- gitdemoclass.TC2 -->
      <class name="gitdemoclass.TC3Test">
        <test-method signature="tc3()[pri:0, instance:gitdemoclass.TC3Test@3012646b]" started-at="2024-01-09T12:07:15 IST" name="tc3" finished-at="2024-01-09T12:07:15 IST" duration-ms="1" status="PASS">
          <reporter-output>
            <line>
              <![CDATA[ tc1 for jenkins ]]>
            </line>
            <line>
              <![CDATA[ tc2 for jenkins ]]>
            </line>
          </reporter-output>
        </test-method> <!-- tc3 -->
      </class> <!-- gitdemoclass.TC3Test -->
    </test> <!-- Test -->
  </suite> <!-- Suite -->
</testng-results>
